# JRE version: OpenJDK Runtime Environment (8.0_152-b02) (build 1.8.0_152-release-1024-b02)
# Java VM: OpenJDK 64-Bit Server VM (25.152-b02 mixed mode windows-amd64 compressed oops)
Heap:
 PSYoungGen      total 207360K, used 163358K [0x00000000e0000000, 0x00000000ede80000, 0x0000000100000000)
  eden space 193024K, 80% used [0x00000000e0000000,0x00000000e978f898,0x00000000ebc80000)
  from space 14336K, 56% used [0x00000000ebc80000,0x00000000ec478320,0x00000000eca80000)
  to   space 13824K, 0% used [0x00000000ed100000,0x00000000ed100000,0x00000000ede80000)
 ParOldGen       total 137216K, used 39033K [0x00000000a0000000, 0x00000000a8600000, 0x00000000e0000000)
  object space 137216K, 28% used [0x00000000a0000000,0x00000000a261e628,0x00000000a8600000)
 Metaspace       used 67544K, capacity 70430K, committed 70616K, reserved 1110016K
  class space    used 8899K, capacity 9450K, committed 9472K, reserved 1048576K
GC Heap History (10 events):
Event: 10.542 GC heap before
{Heap before GC invocations=16 (full 3):
 PSYoungGen      total 155136K, used 12799K [0x00000000e0000000, 0x00000000ecf00000, 0x0000000100000000)
  eden space 142336K, 0% used [0x00000000e0000000,0x00000000e0000000,0x00000000e8b00000)
  from space 12800K, 99% used [0x00000000e8b00000,0x00000000e977ff78,0x00000000e9780000)
  to   space 15360K, 0% used [0x00000000ec000000,0x00000000ec000000,0x00000000ecf00000)
 ParOldGen       total 86016K, used 27991K [0x00000000a0000000, 0x00000000a5400000, 0x00000000e0000000)
  object space 86016K, 32% used [0x00000000a0000000,0x00000000a1b55fb8,0x00000000a5400000)
 Metaspace       used 56990K, capacity 58864K, committed 58968K, reserved 1099776K
  class space    used 7795K, capacity 8223K, committed 8320K, reserved 1048576K
Event: 10.795 GC heap after
Heap after GC invocations=16 (full 3):
 PSYoungGen      total 155136K, used 0K [0x00000000e0000000, 0x00000000ecf00000, 0x0000000100000000)
  eden space 142336K, 0% used [0x00000000e0000000,0x00000000e0000000,0x00000000e8b00000)
  from space 12800K, 0% used [0x00000000e8b00000,0x00000000e8b00000,0x00000000e9780000)
  to   space 15360K, 0% used [0x00000000ec000000,0x00000000ec000000,0x00000000ecf00000)
 ParOldGen       total 137216K, used 39001K [0x00000000a0000000, 0x00000000a8600000, 0x00000000e0000000)
  object space 137216K, 28% used [0x00000000a0000000,0x00000000a2616628,0x00000000a8600000)
 Metaspace       used 56930K, capacity 58696K, committed 58968K, reserved 1099776K
  class space    used 7774K, capacity 8185K, committed 8320K, reserved 1048576K
}
Event: 12.890 GC heap before
{Heap before GC invocations=17 (full 3):
 PSYoungGen      total 155136K, used 142336K [0x00000000e0000000, 0x00000000ecf00000, 0x0000000100000000)
  eden space 142336K, 100% used [0x00000000e0000000,0x00000000e8b00000,0x00000000e8b00000)
  from space 12800K, 0% used [0x00000000e8b00000,0x00000000e8b00000,0x00000000e9780000)
  to   space 15360K, 0% used [0x00000000ec000000,0x00000000ec000000,0x00000000ecf00000)
 ParOldGen       total 137216K, used 39001K [0x00000000a0000000, 0x00000000a8600000, 0x00000000e0000000)
  object space 137216K, 28% used [0x00000000a0000000,0x00000000a2616628,0x00000000a8600000)
 Metaspace       used 60685K, capacity 62968K, committed 63064K, reserved 1103872K
  class space    used 8282K, capacity 8773K, committed 8832K, reserved 1048576K
Event: 12.896 GC heap after
Heap after GC invocations=17 (full 3):
 PSYoungGen      total 176640K, used 5957K [0x00000000e0000000, 0x00000000ec600000, 0x0000000100000000)
  eden space 170496K, 0% used [0x00000000e0000000,0x00000000e0000000,0x00000000ea680000)
  from space 6144K, 96% used [0x00000000ec000000,0x00000000ec5d17f8,0x00000000ec600000)
  to   space 15360K, 0% used [0x00000000ea800000,0x00000000ea800000,0x00000000eb700000)
 ParOldGen       total 137216K, used 39009K [0x00000000a0000000, 0x00000000a8600000, 0x00000000e0000000)
  object space 137216K, 28% used [0x00000000a0000000,0x00000000a2618628,0x00000000a8600000)
 Metaspace       used 60685K, capacity 62968K, committed 63064K, reserved 1103872K
  class space    used 8282K, capacity 8773K, committed 8832K, reserved 1048576K
}
Event: 261.556 GC heap before
{Heap before GC invocations=18 (full 3):
 PSYoungGen      total 176640K, used 176453K [0x00000000e0000000, 0x00000000ec600000, 0x0000000100000000)
  eden space 170496K, 100% used [0x00000000e0000000,0x00000000ea680000,0x00000000ea680000)
  from space 6144K, 96% used [0x00000000ec000000,0x00000000ec5d17f8,0x00000000ec600000)
  to   space 15360K, 0% used [0x00000000ea800000,0x00000000ea800000,0x00000000eb700000)
 ParOldGen       total 137216K, used 39009K [0x00000000a0000000, 0x00000000a8600000, 0x00000000e0000000)
  object space 137216K, 28% used [0x00000000a0000000,0x00000000a2618628,0x00000000a8600000)
 Metaspace       used 64778K, capacity 67248K, committed 67288K, reserved 1107968K
  class space    used 8691K, capacity 9209K, committed 9216K, reserved 1048576K
Event: 261.565 GC heap after
Heap after GC invocations=18 (full 3):
 PSYoungGen      total 187392K, used 7188K [0x00000000e0000000, 0x00000000ede80000, 0x0000000100000000)
  eden space 172032K, 0% used [0x00000000e0000000,0x00000000e0000000,0x00000000ea800000)
  from space 15360K, 46% used [0x00000000ea800000,0x00000000eaf05110,0x00000000eb700000)
  to   space 14848K, 0% used [0x00000000ed000000,0x00000000ed000000,0x00000000ede80000)
 ParOldGen       total 137216K, used 39017K [0x00000000a0000000, 0x00000000a8600000, 0x00000000e0000000)
  object space 137216K, 28% used [0x00000000a0000000,0x00000000a261a628,0x00000000a8600000)
 Metaspace       used 64778K, capacity 67248K, committed 67288K, reserved 1107968K
  class space    used 8691K, capacity 9209K, committed 9216K, reserved 1048576K
}
Event: 574.723 GC heap before
{Heap before GC invocations=19 (full 3):
 PSYoungGen      total 187392K, used 179220K [0x00000000e0000000, 0x00000000ede80000, 0x0000000100000000)
  eden space 172032K, 100% used [0x00000000e0000000,0x00000000ea800000,0x00000000ea800000)
  from space 15360K, 46% used [0x00000000ea800000,0x00000000eaf05110,0x00000000eb700000)
  to   space 14848K, 0% used [0x00000000ed000000,0x00000000ed000000,0x00000000ede80000)
 ParOldGen       total 137216K, used 39017K [0x00000000a0000000, 0x00000000a8600000, 0x00000000e0000000)
  object space 137216K, 28% used [0x00000000a0000000,0x00000000a261a628,0x00000000a8600000)
 Metaspace       used 67058K, capacity 69930K, committed 70104K, reserved 1110016K
  class space    used 8889K, capacity 9432K, committed 9472K, reserved 1048576K
Event: 574.733 GC heap after
Heap after GC invocations=19 (full 3):
 PSYoungGen      total 175616K, used 8570K [0x00000000e0000000, 0x00000000ed880000, 0x0000000100000000)
  eden space 166912K, 0% used [0x00000000e0000000,0x00000000e0000000,0x00000000ea300000)
  from space 8704K, 98% used [0x00000000ed000000,0x00000000ed85e950,0x00000000ed880000)
  to   space 14336K, 0% used [0x00000000ebc80000,0x00000000ebc80000,0x00000000eca80000)
 ParOldGen       total 137216K, used 39025K [0x00000000a0000000, 0x00000000a8600000, 0x00000000e0000000)
  object space 137216K, 28% used [0x00000000a0000000,0x00000000a261c628,0x00000000a8600000)
 Metaspace       used 67058K, capacity 69930K, committed 70104K, reserved 1110016K
  class space    used 8889K, capacity 9432K, committed 9472K, reserved 1048576K
}
Event: 574.815 GC heap before
{Heap before GC invocations=20 (full 3):
 PSYoungGen      total 175616K, used 174800K [0x00000000e0000000, 0x00000000ed880000, 0x0000000100000000)
  eden space 166912K, 99% used [0x00000000e0000000,0x00000000ea255900,0x00000000ea300000)
  from space 8704K, 98% used [0x00000000ed000000,0x00000000ed85e950,0x00000000ed880000)
  to   space 14336K, 0% used [0x00000000ebc80000,0x00000000ebc80000,0x00000000eca80000)
 ParOldGen       total 137216K, used 39025K [0x00000000a0000000, 0x00000000a8600000, 0x00000000e0000000)
  object space 137216K, 28% used [0x00000000a0000000,0x00000000a261c628,0x00000000a8600000)
 Metaspace       used 67169K, capacity 70062K, committed 70104K, reserved 1110016K
  class space    used 8890K, capacity 9432K, committed 9472K, reserved 1048576K
Event: 574.823 GC heap after
Heap after GC invocations=20 (full 3):
 PSYoungGen      total 207360K, used 8160K [0x00000000e0000000, 0x00000000ede80000, 0x0000000100000000)
  eden space 193024K, 0% used [0x00000000e0000000,0x00000000e0000000,0x00000000ebc80000)
  from space 14336K, 56% used [0x00000000ebc80000,0x00000000ec478320,0x00000000eca80000)
  to   space 13824K, 0% used [0x00000000ed100000,0x00000000ed100000,0x00000000ede80000)
 ParOldGen       total 137216K, used 39033K [0x00000000a0000000, 0x00000000a8600000, 0x00000000e0000000)
  object space 137216K, 28% used [0x00000000a0000000,0x00000000a261e628,0x00000000a8600000)
 Metaspace       used 67169K, capacity 70062K, committed 70104K, reserved 1110016K
  class space    used 8890K, capacity 9432K, committed 9472K, reserved 1048576K
}

