# JRE version: OpenJDK Runtime Environment (8.0_152-b02) (build 1.8.0_152-release-1024-b02)
# Java VM: OpenJDK 64-Bit Server VM (25.152-b02 mixed mode windows-amd64 compressed oops)
Heap:
 PSYoungGen      total 372736K, used 255638K [0x00000000e0000000, 0x00000000f8780000, 0x0000000100000000)
  eden space 352768K, 71% used [0x00000000e0000000,0x00000000ef70fc00,0x00000000f5880000)
  from space 19968K, 13% used [0x00000000f7400000,0x00000000f7695c10,0x00000000f8780000)
  to   space 24064K, 0% used [0x00000000f5880000,0x00000000f5880000,0x00000000f7000000)
 ParOldGen       total 140800K, used 89285K [0x00000000a0000000, 0x00000000a8980000, 0x00000000e0000000)
  object space 140800K, 63% used [0x00000000a0000000,0x00000000a5731540,0x00000000a8980000)
 Metaspace       used 90941K, capacity 95266K, committed 95320K, reserved 1132544K
  class space    used 11517K, capacity 12412K, committed 12416K, reserved 1048576K
GC Heap History (10 events):
Event: 3146.252 GC heap before
{Heap before GC invocations=31 (full 3):
 PSYoungGen      total 249344K, used 229624K [0x00000000e0000000, 0x00000000f3580000, 0x0000000100000000)
  eden space 224256K, 100% used [0x00000000e0000000,0x00000000edb00000,0x00000000edb00000)
  from space 25088K, 21% used [0x00000000edb00000,0x00000000ee03e168,0x00000000ef380000)
  to   space 25088K, 0% used [0x00000000f1d00000,0x00000000f1d00000,0x00000000f3580000)
 ParOldGen       total 140800K, used 77112K [0x00000000a0000000, 0x00000000a8980000, 0x00000000e0000000)
  object space 140800K, 54% used [0x00000000a0000000,0x00000000a4b4e2a8,0x00000000a8980000)
 Metaspace       used 89878K, capacity 94046K, committed 94296K, reserved 1130496K
  class space    used 11446K, capacity 12338K, committed 12416K, reserved 1048576K
Event: 3146.269 GC heap after
Heap after GC invocations=31 (full 3):
 PSYoungGen      total 286720K, used 2272K [0x00000000e0000000, 0x00000000f3380000, 0x0000000100000000)
  eden space 263680K, 0% used [0x00000000e0000000,0x00000000e0000000,0x00000000f0180000)
  from space 23040K, 9% used [0x00000000f1d00000,0x00000000f1f38240,0x00000000f3380000)
  to   space 25600K, 0% used [0x00000000f0180000,0x00000000f0180000,0x00000000f1a80000)
 ParOldGen       total 140800K, used 78506K [0x00000000a0000000, 0x00000000a8980000, 0x00000000e0000000)
  object space 140800K, 55% used [0x00000000a0000000,0x00000000a4caaa78,0x00000000a8980000)
 Metaspace       used 89878K, capacity 94046K, committed 94296K, reserved 1130496K
  class space    used 11446K, capacity 12338K, committed 12416K, reserved 1048576K
}
Event: 3147.122 GC heap before
{Heap before GC invocations=32 (full 3):
 PSYoungGen      total 286720K, used 265952K [0x00000000e0000000, 0x00000000f3380000, 0x0000000100000000)
  eden space 263680K, 100% used [0x00000000e0000000,0x00000000f0180000,0x00000000f0180000)
  from space 23040K, 9% used [0x00000000f1d00000,0x00000000f1f38240,0x00000000f3380000)
  to   space 25600K, 0% used [0x00000000f0180000,0x00000000f0180000,0x00000000f1a80000)
 ParOldGen       total 140800K, used 78506K [0x00000000a0000000, 0x00000000a8980000, 0x00000000e0000000)
  object space 140800K, 55% used [0x00000000a0000000,0x00000000a4caaa78,0x00000000a8980000)
 Metaspace       used 89988K, capacity 94188K, committed 94296K, reserved 1130496K
  class space    used 11447K, capacity 12339K, committed 12416K, reserved 1048576K
Event: 3147.145 GC heap after
Heap after GC invocations=32 (full 3):
 PSYoungGen      total 289280K, used 9116K [0x00000000e0000000, 0x00000000f5d00000, 0x0000000100000000)
  eden space 263680K, 0% used [0x00000000e0000000,0x00000000e0000000,0x00000000f0180000)
  from space 25600K, 35% used [0x00000000f0180000,0x00000000f0a67038,0x00000000f1a80000)
  to   space 24576K, 0% used [0x00000000f4500000,0x00000000f4500000,0x00000000f5d00000)
 ParOldGen       total 140800K, used 78530K [0x00000000a0000000, 0x00000000a8980000, 0x00000000e0000000)
  object space 140800K, 55% used [0x00000000a0000000,0x00000000a4cb0a78,0x00000000a8980000)
 Metaspace       used 89988K, capacity 94188K, committed 94296K, reserved 1130496K
  class space    used 11447K, capacity 12339K, committed 12416K, reserved 1048576K
}
Event: 3147.477 GC heap before
{Heap before GC invocations=33 (full 3):
 PSYoungGen      total 289280K, used 272796K [0x00000000e0000000, 0x00000000f5d00000, 0x0000000100000000)
  eden space 263680K, 100% used [0x00000000e0000000,0x00000000f0180000,0x00000000f0180000)
  from space 25600K, 35% used [0x00000000f0180000,0x00000000f0a67038,0x00000000f1a80000)
  to   space 24576K, 0% used [0x00000000f4500000,0x00000000f4500000,0x00000000f5d00000)
 ParOldGen       total 140800K, used 78530K [0x00000000a0000000, 0x00000000a8980000, 0x00000000e0000000)
  object space 140800K, 55% used [0x00000000a0000000,0x00000000a4cb0a78,0x00000000a8980000)
 Metaspace       used 90016K, capacity 94260K, committed 94552K, reserved 1132544K
  class space    used 11447K, capacity 12339K, committed 12416K, reserved 1048576K
Event: 3147.491 GC heap after
Heap after GC invocations=33 (full 3):
 PSYoungGen      total 332800K, used 3568K [0x00000000e0000000, 0x00000000f5d80000, 0x0000000100000000)
  eden space 308224K, 0% used [0x00000000e0000000,0x00000000e0000000,0x00000000f2d00000)
  from space 24576K, 14% used [0x00000000f4500000,0x00000000f487c010,0x00000000f5d00000)
  to   space 24576K, 0% used [0x00000000f2d00000,0x00000000f2d00000,0x00000000f4500000)
 ParOldGen       total 140800K, used 85305K [0x00000000a0000000, 0x00000000a8980000, 0x00000000e0000000)
  object space 140800K, 60% used [0x00000000a0000000,0x00000000a534e608,0x00000000a8980000)
 Metaspace       used 90016K, capacity 94260K, committed 94552K, reserved 1132544K
  class space    used 11447K, capacity 12339K, committed 12416K, reserved 1048576K
}
Event: 3148.182 GC heap before
{Heap before GC invocations=34 (full 3):
 PSYoungGen      total 332800K, used 311792K [0x00000000e0000000, 0x00000000f5d80000, 0x0000000100000000)
  eden space 308224K, 100% used [0x00000000e0000000,0x00000000f2d00000,0x00000000f2d00000)
  from space 24576K, 14% used [0x00000000f4500000,0x00000000f487c010,0x00000000f5d00000)
  to   space 24576K, 0% used [0x00000000f2d00000,0x00000000f2d00000,0x00000000f4500000)
 ParOldGen       total 140800K, used 85305K [0x00000000a0000000, 0x00000000a8980000, 0x00000000e0000000)
  object space 140800K, 60% used [0x00000000a0000000,0x00000000a534e608,0x00000000a8980000)
 Metaspace       used 90127K, capacity 94332K, committed 94552K, reserved 1132544K
  class space    used 11448K, capacity 12341K, committed 12416K, reserved 1048576K
Event: 3148.192 GC heap after
Heap after GC invocations=34 (full 3):
 PSYoungGen      total 332800K, used 3924K [0x00000000e0000000, 0x00000000f8b80000, 0x0000000100000000)
  eden space 308224K, 0% used [0x00000000e0000000,0x00000000e0000000,0x00000000f2d00000)
  from space 24576K, 15% used [0x00000000f2d00000,0x00000000f30d5078,0x00000000f4500000)
  to   space 24064K, 0% used [0x00000000f7400000,0x00000000f7400000,0x00000000f8b80000)
 ParOldGen       total 140800K, used 87101K [0x00000000a0000000, 0x00000000a8980000, 0x00000000e0000000)
  object space 140800K, 61% used [0x00000000a0000000,0x00000000a550f678,0x00000000a8980000)
 Metaspace       used 90127K, capacity 94332K, committed 94552K, reserved 1132544K
  class space    used 11448K, capacity 12341K, committed 12416K, reserved 1048576K
}
Event: 3149.338 GC heap before
{Heap before GC invocations=35 (full 3):
 PSYoungGen      total 332800K, used 312148K [0x00000000e0000000, 0x00000000f8b80000, 0x0000000100000000)
  eden space 308224K, 100% used [0x00000000e0000000,0x00000000f2d00000,0x00000000f2d00000)
  from space 24576K, 15% used [0x00000000f2d00000,0x00000000f30d5078,0x00000000f4500000)
  to   space 24064K, 0% used [0x00000000f7400000,0x00000000f7400000,0x00000000f8b80000)
 ParOldGen       total 140800K, used 87101K [0x00000000a0000000, 0x00000000a8980000, 0x00000000e0000000)
  object space 140800K, 61% used [0x00000000a0000000,0x00000000a550f678,0x00000000a8980000)
 Metaspace       used 90275K, capacity 94472K, committed 94808K, reserved 1132544K
  class space    used 11454K, capacity 12343K, committed 12416K, reserved 1048576K
Event: 3149.351 GC heap after
Heap after GC invocations=35 (full 3):
 PSYoungGen      total 372736K, used 2647K [0x00000000e0000000, 0x00000000f8780000, 0x0000000100000000)
  eden space 352768K, 0% used [0x00000000e0000000,0x00000000e0000000,0x00000000f5880000)
  from space 19968K, 13% used [0x00000000f7400000,0x00000000f7695c10,0x00000000f8780000)
  to   space 24064K, 0% used [0x00000000f5880000,0x00000000f5880000,0x00000000f7000000)
 ParOldGen       total 140800K, used 89285K [0x00000000a0000000, 0x00000000a8980000, 0x00000000e0000000)
  object space 140800K, 63% used [0x00000000a0000000,0x00000000a5731540,0x00000000a8980000)
 Metaspace       used 90275K, capacity 94472K, committed 94808K, reserved 1132544K
  class space    used 11454K, capacity 12343K, committed 12416K, reserved 1048576K
}

